{"/home/elksandro/projects/faculdade/p7/dsc/projeto-eq03/salon-front/src/components/permissions/PermissionGate.tsx": {"path":"/home/elksandro/projects/faculdade/p7/dsc/projeto-eq03/salon-front/src/components/permissions/PermissionGate.tsx","statementMap":{"0":{"start":{"line":11,"column":13},"end":{"line":24,"column":null}},"1":{"start":{"line":17,"column":8},"end":{"line":17,"column":null}},"2":{"start":{"line":19,"column":2},"end":{"line":21,"column":null}},"3":{"start":{"line":20,"column":4},"end":{"line":20,"column":null}},"4":{"start":{"line":23,"column":2},"end":{"line":23,"column":null}}},"fnMap":{"0":{"name":"(anonymous_0)","decl":{"start":{"line":11,"column":13},"end":{"line":11,"column":31}},"loc":{"start":{"line":16,"column":27},"end":{"line":24,"column":null}},"line":16}},"branchMap":{"0":{"loc":{"start":{"line":15,"column":2},"end":{"line":15,"column":null}},"type":"default-arg","locations":[{"start":{"line":15,"column":13},"end":{"line":15,"column":null}}],"line":15},"1":{"loc":{"start":{"line":19,"column":2},"end":{"line":21,"column":null}},"type":"if","locations":[{"start":{"line":19,"column":2},"end":{"line":21,"column":null}},{"start":{},"end":{}}],"line":19}},"s":{"0":4,"1":219,"2":219,"3":2,"4":217},"f":{"0":219},"b":{"0":[219],"1":[2,217]},"meta":{"lastBranch":2,"lastFunction":1,"lastStatement":5,"seen":{"s:11:13:24:Infinity":0,"f:11:13:11:31":0,"b:15:13:15:Infinity":0,"s:17:8:17:Infinity":1,"b:19:2:21:Infinity:undefined:undefined:undefined:undefined":1,"s:19:2:21:Infinity":2,"s:20:4:20:Infinity":3,"s:23:2:23:Infinity":4},"fnNames":{}}}
,"/home/elksandro/projects/faculdade/p7/dsc/projeto-eq03/salon-front/src/components/table/Table.tsx": {"path":"/home/elksandro/projects/faculdade/p7/dsc/projeto-eq03/salon-front/src/components/table/Table.tsx","statementMap":{"0":{"start":{"line":35,"column":2},"end":{"line":142,"column":null}},"1":{"start":{"line":47,"column":31},"end":{"line":47,"column":null}},"2":{"start":{"line":59,"column":16},"end":{"line":61,"column":null}},"3":{"start":{"line":77,"column":16},"end":{"line":96,"column":null}},"4":{"start":{"line":79,"column":33},"end":{"line":79,"column":null}},"5":{"start":{"line":83,"column":36},"end":{"line":83,"column":null}},"6":{"start":{"line":84,"column":35},"end":{"line":84,"column":null}},"7":{"start":{"line":85,"column":20},"end":{"line":93,"column":null}},"8":{"start":{"line":107,"column":27},"end":{"line":107,"column":null}},"9":{"start":{"line":115,"column":30},"end":{"line":115,"column":null}},"10":{"start":{"line":116,"column":31},"end":{"line":116,"column":null}},"11":{"start":{"line":117,"column":14},"end":{"line":128,"column":null}},"12":{"start":{"line":120,"column":33},"end":{"line":120,"column":null}},"13":{"start":{"line":135,"column":27},"end":{"line":135,"column":null}}},"fnMap":{"0":{"name":"Table","decl":{"start":{"line":23,"column":16},"end":{"line":23,"column":25}},"loc":{"start":{"line":34,"column":18},"end":{"line":144,"column":null}},"line":34},"1":{"name":"(anonymous_1)","decl":{"start":{"line":47,"column":14},"end":{"line":47,"column":25}},"loc":{"start":{"line":47,"column":31},"end":{"line":47,"column":null}},"line":47},"2":{"name":"(anonymous_2)","decl":{"start":{"line":58,"column":23},"end":{"line":58,"column":28}},"loc":{"start":{"line":59,"column":16},"end":{"line":61,"column":null}},"line":59},"3":{"name":"(anonymous_3)","decl":{"start":{"line":76,"column":19},"end":{"line":76,"column":24}},"loc":{"start":{"line":77,"column":16},"end":{"line":96,"column":null}},"line":77},"4":{"name":"(anonymous_4)","decl":{"start":{"line":79,"column":18},"end":{"line":79,"column":33}},"loc":{"start":{"line":79,"column":33},"end":{"line":79,"column":null}},"line":79},"5":{"name":"(anonymous_5)","decl":{"start":{"line":82,"column":27},"end":{"line":82,"column":32}},"loc":{"start":{"line":82,"column":47},"end":{"line":95,"column":19}},"line":82},"6":{"name":"(anonymous_6)","decl":{"start":{"line":107,"column":12},"end":{"line":107,"column":27}},"loc":{"start":{"line":107,"column":27},"end":{"line":107,"column":null}},"line":107},"7":{"name":"(anonymous_7)","decl":{"start":{"line":114,"column":48},"end":{"line":114,"column":53}},"loc":{"start":{"line":114,"column":62},"end":{"line":130,"column":13}},"line":114},"8":{"name":"(anonymous_8)","decl":{"start":{"line":120,"column":18},"end":{"line":120,"column":33}},"loc":{"start":{"line":120,"column":33},"end":{"line":120,"column":null}},"line":120},"9":{"name":"(anonymous_9)","decl":{"start":{"line":135,"column":12},"end":{"line":135,"column":27}},"loc":{"start":{"line":135,"column":27},"end":{"line":135,"column":null}},"line":135}},"branchMap":{"0":{"loc":{"start":{"line":29,"column":2},"end":{"line":29,"column":null}},"type":"default-arg","locations":[{"start":{"line":29,"column":16},"end":{"line":29,"column":null}}],"line":29},"1":{"loc":{"start":{"line":30,"column":2},"end":{"line":30,"column":null}},"type":"default-arg","locations":[{"start":{"line":30,"column":15},"end":{"line":30,"column":null}}],"line":30},"2":{"loc":{"start":{"line":32,"column":2},"end":{"line":32,"column":null}},"type":"default-arg","locations":[{"start":{"line":32,"column":17},"end":{"line":32,"column":null}}],"line":32},"3":{"loc":{"start":{"line":37,"column":7},"end":{"line":51,"column":null}},"type":"binary-expr","locations":[{"start":{"line":37,"column":7},"end":{"line":37,"column":null}},{"start":{"line":38,"column":8},"end":{"line":51,"column":null}}],"line":37},"4":{"loc":{"start":{"line":66,"column":13},"end":{"line":97,"column":null}},"type":"cond-expr","locations":[{"start":{"line":67,"column":14},"end":{"line":76,"column":19}},{"start":{"line":76,"column":14},"end":{"line":97,"column":null}}],"line":66},"5":{"loc":{"start":{"line":79,"column":33},"end":{"line":79,"column":null}},"type":"binary-expr","locations":[{"start":{"line":79,"column":33},"end":{"line":79,"column":47}},{"start":{"line":79,"column":47},"end":{"line":79,"column":null}}],"line":79},"6":{"loc":{"start":{"line":80,"column":38},"end":{"line":80,"column":null}},"type":"cond-expr","locations":[{"start":{"line":80,"column":51},"end":{"line":80,"column":70}},{"start":{"line":80,"column":70},"end":{"line":80,"column":null}}],"line":80},"7":{"loc":{"start":{"line":89,"column":26},"end":{"line":89,"column":null}},"type":"cond-expr","locations":[{"start":{"line":89,"column":36},"end":{"line":89,"column":62}},{"start":{"line":89,"column":62},"end":{"line":89,"column":null}}],"line":89},"8":{"loc":{"start":{"line":90,"column":28},"end":{"line":90,"column":null}},"type":"cond-expr","locations":[{"start":{"line":90,"column":37},"end":{"line":90,"column":63}},{"start":{"line":90,"column":63},"end":{"line":90,"column":null}}],"line":90},"9":{"loc":{"start":{"line":92,"column":25},"end":{"line":92,"column":null}},"type":"cond-expr","locations":[{"start":{"line":92,"column":38},"end":{"line":92,"column":57}},{"start":{"line":92,"column":57},"end":{"line":92,"column":null}}],"line":92},"10":{"loc":{"start":{"line":92,"column":64},"end":{"line":92,"column":94}},"type":"binary-expr","locations":[{"start":{"line":92,"column":64},"end":{"line":92,"column":92}},{"start":{"line":92,"column":92},"end":{"line":92,"column":94}}],"line":92},"11":{"loc":{"start":{"line":103,"column":7},"end":{"line":140,"column":null}},"type":"binary-expr","locations":[{"start":{"line":103,"column":7},"end":{"line":103,"column":25}},{"start":{"line":103,"column":25},"end":{"line":103,"column":null}},{"start":{"line":104,"column":8},"end":{"line":140,"column":null}}],"line":103},"12":{"loc":{"start":{"line":122,"column":20},"end":{"line":124,"column":null}},"type":"cond-expr","locations":[{"start":{"line":123,"column":24},"end":{"line":123,"column":null}},{"start":{"line":124,"column":24},"end":{"line":124,"column":null}}],"line":122}},"s":{"0":53,"1":1,"2":316,"3":90,"4":9,"5":519,"6":519,"7":519,"8":1,"9":7,"10":7,"11":7,"12":1,"13":1},"f":{"0":53,"1":1,"2":316,"3":90,"4":9,"5":519,"6":1,"7":7,"8":1,"9":1},"b":{"0":[53],"1":[53],"2":[53],"3":[53,1],"4":[1,52],"5":[9,1],"6":[2,88],"7":[90,429],"8":[90,429],"9":[342,177],"10":[177,1],"11":[53,3,3],"12":[3,4]},"meta":{"lastBranch":13,"lastFunction":10,"lastStatement":14,"seen":{"f:23:16:23:25":0,"b:29:16:29:Infinity":0,"b:30:15:30:Infinity":1,"b:32:17:32:Infinity":2,"s:35:2:142:Infinity":0,"b:37:7:37:Infinity:38:8:51:Infinity":3,"f:47:14:47:25":1,"s:47:31:47:Infinity":1,"f:58:23:58:28":2,"s:59:16:61:Infinity":2,"b:67:14:76:19:76:14:97:Infinity":4,"f:76:19:76:24":3,"s:77:16:96:Infinity":3,"f:79:18:79:33":4,"s:79:33:79:Infinity":4,"b:79:33:79:47:79:47:79:Infinity":5,"b:80:51:80:70:80:70:80:Infinity":6,"f:82:27:82:32":5,"s:83:36:83:Infinity":5,"s:84:35:84:Infinity":6,"s:85:20:93:Infinity":7,"b:89:36:89:62:89:62:89:Infinity":7,"b:90:37:90:63:90:63:90:Infinity":8,"b:92:38:92:57:92:57:92:Infinity":9,"b:92:64:92:92:92:92:92:94":10,"b:103:7:103:25:103:25:103:Infinity:104:8:140:Infinity":11,"f:107:12:107:27":6,"s:107:27:107:Infinity":8,"f:114:48:114:53":7,"s:115:30:115:Infinity":9,"s:116:31:116:Infinity":10,"s:117:14:128:Infinity":11,"f:120:18:120:33":8,"s:120:33:120:Infinity":12,"b:123:24:123:Infinity:124:24:124:Infinity":12,"f:135:12:135:27":9,"s:135:27:135:Infinity":13},"fnNames":{}}}
,"/home/elksandro/projects/faculdade/p7/dsc/projeto-eq03/salon-front/src/context/AuthContext.tsx": {"path":"/home/elksandro/projects/faculdade/p7/dsc/projeto-eq03/salon-front/src/context/AuthContext.tsx","statementMap":{"0":{"start":{"line":17,"column":13},"end":{"line":17,"column":null}},"1":{"start":{"line":24,"column":2},"end":{"line":29,"column":null}},"2":{"start":{"line":25,"column":21},"end":{"line":25,"column":null}},"3":{"start":{"line":26,"column":4},"end":{"line":26,"column":null}},"4":{"start":{"line":28,"column":4},"end":{"line":28,"column":null}},"5":{"start":{"line":32,"column":13},"end":{"line":156,"column":null}},"6":{"start":{"line":33,"column":15},"end":{"line":33,"column":null}},"7":{"start":{"line":34,"column":20},"end":{"line":34,"column":null}},"8":{"start":{"line":35,"column":8},"end":{"line":35,"column":null}},"9":{"start":{"line":38,"column":8},"end":{"line":38,"column":null}},"10":{"start":{"line":39,"column":2},"end":{"line":41,"column":null}},"11":{"start":{"line":40,"column":4},"end":{"line":40,"column":null}},"12":{"start":{"line":47,"column":2},"end":{"line":86,"column":null}},"13":{"start":{"line":48,"column":21},"end":{"line":83,"column":null}},"14":{"start":{"line":49,"column":20},"end":{"line":49,"column":null}},"15":{"start":{"line":51,"column":6},"end":{"line":81,"column":null}},"16":{"start":{"line":52,"column":8},"end":{"line":80,"column":null}},"17":{"start":{"line":53,"column":16},"end":{"line":53,"column":null}},"18":{"start":{"line":57,"column":44},"end":{"line":63,"column":null}},"19":{"start":{"line":64,"column":10},"end":{"line":64,"column":null}},"20":{"start":{"line":67,"column":26},"end":{"line":67,"column":null}},"21":{"start":{"line":68,"column":10},"end":{"line":76,"column":null}},"22":{"start":{"line":69,"column":12},"end":{"line":75,"column":null}},"23":{"start":{"line":78,"column":10},"end":{"line":78,"column":null}},"24":{"start":{"line":79,"column":10},"end":{"line":79,"column":null}},"25":{"start":{"line":82,"column":6},"end":{"line":82,"column":null}},"26":{"start":{"line":85,"column":4},"end":{"line":85,"column":null}},"27":{"start":{"line":88,"column":8},"end":{"line":93,"column":null}},"28":{"start":{"line":89,"column":4},"end":{"line":89,"column":null}},"29":{"start":{"line":90,"column":4},"end":{"line":90,"column":null}},"30":{"start":{"line":91,"column":4},"end":{"line":91,"column":null}},"31":{"start":{"line":92,"column":4},"end":{"line":92,"column":null}},"32":{"start":{"line":100,"column":2},"end":{"line":109,"column":null}},"33":{"start":{"line":101,"column":10},"end":{"line":103,"column":null}},"34":{"start":{"line":102,"column":6},"end":{"line":102,"column":null}},"35":{"start":{"line":105,"column":4},"end":{"line":105,"column":null}},"36":{"start":{"line":106,"column":4},"end":{"line":108,"column":null}},"37":{"start":{"line":107,"column":6},"end":{"line":107,"column":null}},"38":{"start":{"line":115,"column":8},"end":{"line":141,"column":null}},"39":{"start":{"line":116,"column":4},"end":{"line":116,"column":null}},"40":{"start":{"line":117,"column":4},"end":{"line":117,"column":null}},"41":{"start":{"line":119,"column":10},"end":{"line":119,"column":null}},"42":{"start":{"line":122,"column":4},"end":{"line":128,"column":null}},"43":{"start":{"line":131,"column":20},"end":{"line":131,"column":null}},"44":{"start":{"line":132,"column":4},"end":{"line":140,"column":null}},"45":{"start":{"line":133,"column":6},"end":{"line":139,"column":null}},"46":{"start":{"line":147,"column":8},"end":{"line":149,"column":null}},"47":{"start":{"line":148,"column":4},"end":{"line":148,"column":null}},"48":{"start":{"line":148,"column":23},"end":{"line":148,"column":54}},"49":{"start":{"line":151,"column":2},"end":{"line":154,"column":null}}},"fnMap":{"0":{"name":"fetchUserProfile","decl":{"start":{"line":23,"column":15},"end":{"line":23,"column":71}},"loc":{"start":{"line":23,"column":71},"end":{"line":30,"column":null}},"line":23},"1":{"name":"(anonymous_1)","decl":{"start":{"line":32,"column":13},"end":{"line":32,"column":29}},"loc":{"start":{"line":32,"column":71},"end":{"line":156,"column":null}},"line":32},"2":{"name":"(anonymous_2)","decl":{"start":{"line":39,"column":2},"end":{"line":39,"column":18}},"loc":{"start":{"line":39,"column":18},"end":{"line":41,"column":5}},"line":39},"3":{"name":"(anonymous_3)","decl":{"start":{"line":47,"column":2},"end":{"line":47,"column":18}},"loc":{"start":{"line":47,"column":18},"end":{"line":86,"column":5}},"line":47},"4":{"name":"(anonymous_4)","decl":{"start":{"line":48,"column":21},"end":{"line":48,"column":33}},"loc":{"start":{"line":48,"column":33},"end":{"line":83,"column":null}},"line":48},"5":{"name":"(anonymous_5)","decl":{"start":{"line":88,"column":17},"end":{"line":88,"column":35}},"loc":{"start":{"line":88,"column":35},"end":{"line":93,"column":5}},"line":88},"6":{"name":"(anonymous_6)","decl":{"start":{"line":100,"column":2},"end":{"line":100,"column":18}},"loc":{"start":{"line":100,"column":18},"end":{"line":109,"column":5}},"line":100},"7":{"name":"(anonymous_7)","decl":{"start":{"line":101,"column":10},"end":{"line":101,"column":35}},"loc":{"start":{"line":101,"column":35},"end":{"line":103,"column":null}},"line":101},"8":{"name":"(anonymous_8)","decl":{"start":{"line":106,"column":4},"end":{"line":106,"column":17}},"loc":{"start":{"line":106,"column":17},"end":{"line":108,"column":null}},"line":106},"9":{"name":"(anonymous_9)","decl":{"start":{"line":115,"column":28},"end":{"line":115,"column":35}},"loc":{"start":{"line":115,"column":81},"end":{"line":141,"column":5}},"line":115},"10":{"name":"(anonymous_10)","decl":{"start":{"line":147,"column":24},"end":{"line":147,"column":37}},"loc":{"start":{"line":147,"column":53},"end":{"line":149,"column":5}},"line":147},"11":{"name":"(anonymous_11)","decl":{"start":{"line":148,"column":4},"end":{"line":148,"column":13}},"loc":{"start":{"line":148,"column":23},"end":{"line":148,"column":54}},"line":148}},"branchMap":{"0":{"loc":{"start":{"line":51,"column":6},"end":{"line":81,"column":null}},"type":"if","locations":[{"start":{"line":51,"column":6},"end":{"line":81,"column":null}},{"start":{},"end":{}}],"line":51},"1":{"loc":{"start":{"line":68,"column":10},"end":{"line":76,"column":null}},"type":"if","locations":[{"start":{"line":68,"column":10},"end":{"line":76,"column":null}},{"start":{},"end":{}}],"line":68},"2":{"loc":{"start":{"line":132,"column":4},"end":{"line":140,"column":null}},"type":"if","locations":[{"start":{"line":132,"column":4},"end":{"line":140,"column":null}},{"start":{},"end":{}}],"line":132},"3":{"loc":{"start":{"line":148,"column":23},"end":{"line":148,"column":54}},"type":"cond-expr","locations":[{"start":{"line":148,"column":30},"end":{"line":148,"column":49}},{"start":{"line":148,"column":49},"end":{"line":148,"column":54}}],"line":148}},"s":{"0":7,"1":8,"2":8,"3":8,"4":0,"5":7,"6":36,"7":36,"8":36,"9":36,"10":36,"11":12,"12":36,"13":10,"14":10,"15":10,"16":5,"17":5,"18":5,"19":5,"20":5,"21":4,"22":4,"23":1,"24":1,"25":10,"26":10,"27":36,"28":2,"29":2,"30":2,"31":2,"32":36,"33":10,"34":1,"35":10,"36":10,"37":10,"38":36,"39":4,"40":4,"41":4,"42":4,"43":4,"44":4,"45":4,"46":36,"47":0,"48":0,"49":36},"f":{"0":8,"1":36,"2":12,"3":10,"4":10,"5":2,"6":10,"7":1,"8":10,"9":4,"10":0,"11":0},"b":{"0":[5,5],"1":[4,0],"2":[4,0],"3":[0,0]},"meta":{"lastBranch":4,"lastFunction":12,"lastStatement":50,"seen":{"s:17:13:17:Infinity":0,"f:23:15:23:71":0,"s:24:2:29:Infinity":1,"s:25:21:25:Infinity":2,"s:26:4:26:Infinity":3,"s:28:4:28:Infinity":4,"s:32:13:156:Infinity":5,"f:32:13:32:29":1,"s:33:15:33:Infinity":6,"s:34:20:34:Infinity":7,"s:35:8:35:Infinity":8,"s:38:8:38:Infinity":9,"s:39:2:41:Infinity":10,"f:39:2:39:18":2,"s:40:4:40:Infinity":11,"s:47:2:86:Infinity":12,"f:47:2:47:18":3,"s:48:21:83:Infinity":13,"f:48:21:48:33":4,"s:49:20:49:Infinity":14,"b:51:6:81:Infinity:undefined:undefined:undefined:undefined":0,"s:51:6:81:Infinity":15,"s:52:8:80:Infinity":16,"s:53:16:53:Infinity":17,"s:57:44:63:Infinity":18,"s:64:10:64:Infinity":19,"s:67:26:67:Infinity":20,"b:68:10:76:Infinity:undefined:undefined:undefined:undefined":1,"s:68:10:76:Infinity":21,"s:69:12:75:Infinity":22,"s:78:10:78:Infinity":23,"s:79:10:79:Infinity":24,"s:82:6:82:Infinity":25,"s:85:4:85:Infinity":26,"s:88:8:93:Infinity":27,"f:88:17:88:35":5,"s:89:4:89:Infinity":28,"s:90:4:90:Infinity":29,"s:91:4:91:Infinity":30,"s:92:4:92:Infinity":31,"s:100:2:109:Infinity":32,"f:100:2:100:18":6,"s:101:10:103:Infinity":33,"f:101:10:101:35":7,"s:102:6:102:Infinity":34,"s:105:4:105:Infinity":35,"s:106:4:108:Infinity":36,"f:106:4:106:17":8,"s:107:6:107:Infinity":37,"s:115:8:141:Infinity":38,"f:115:28:115:35":9,"s:116:4:116:Infinity":39,"s:117:4:117:Infinity":40,"s:119:10:119:Infinity":41,"s:122:4:128:Infinity":42,"s:131:20:131:Infinity":43,"b:132:4:140:Infinity:undefined:undefined:undefined:undefined":2,"s:132:4:140:Infinity":44,"s:133:6:139:Infinity":45,"s:147:8:149:Infinity":46,"f:147:24:147:37":10,"s:148:4:148:Infinity":47,"f:148:4:148:13":11,"s:148:23:148:54":48,"b:148:30:148:49:148:49:148:54":3,"s:151:2:154:Infinity":49},"fnNames":{}}}
,"/home/elksandro/projects/faculdade/p7/dsc/projeto-eq03/salon-front/src/hooks/usePermission.ts": {"path":"/home/elksandro/projects/faculdade/p7/dsc/projeto-eq03/salon-front/src/hooks/usePermission.ts","statementMap":{"0":{"start":{"line":3,"column":13},"end":{"line":30,"column":null}},"1":{"start":{"line":4,"column":10},"end":{"line":4,"column":null}},"2":{"start":{"line":6,"column":2},"end":{"line":6,"column":null}},"3":{"start":{"line":6,"column":13},"end":{"line":6,"column":null}},"4":{"start":{"line":7,"column":2},"end":{"line":7,"column":null}},"5":{"start":{"line":7,"column":29},"end":{"line":7,"column":null}},"6":{"start":{"line":9,"column":27},"end":{"line":9,"column":null}},"7":{"start":{"line":11,"column":2},"end":{"line":29,"column":null}},"8":{"start":{"line":12,"column":4},"end":{"line":12,"column":null}},"9":{"start":{"line":12,"column":40},"end":{"line":12,"column":null}},"10":{"start":{"line":15,"column":22},"end":{"line":15,"column":null}},"11":{"start":{"line":16,"column":4},"end":{"line":16,"column":null}},"12":{"start":{"line":16,"column":32},"end":{"line":16,"column":null}},"13":{"start":{"line":18,"column":39},"end":{"line":18,"column":null}},"14":{"start":{"line":20,"column":4},"end":{"line":20,"column":null}},"15":{"start":{"line":20,"column":67},"end":{"line":20,"column":null}},"16":{"start":{"line":23,"column":4},"end":{"line":26,"column":null}},"17":{"start":{"line":24,"column":27},"end":{"line":24,"column":null}},"18":{"start":{"line":25,"column":6},"end":{"line":25,"column":null}},"19":{"start":{"line":28,"column":4},"end":{"line":28,"column":null}}},"fnMap":{"0":{"name":"(anonymous_0)","decl":{"start":{"line":3,"column":13},"end":{"line":3,"column":30}},"loc":{"start":{"line":3,"column":67},"end":{"line":30,"column":null}},"line":3},"1":{"name":"(anonymous_1)","decl":{"start":{"line":11,"column":26},"end":{"line":11,"column":32}},"loc":{"start":{"line":11,"column":54},"end":{"line":29,"column":3}},"line":11}},"branchMap":{"0":{"loc":{"start":{"line":6,"column":2},"end":{"line":6,"column":null}},"type":"if","locations":[{"start":{"line":6,"column":2},"end":{"line":6,"column":null}},{"start":{},"end":{}}],"line":6},"1":{"loc":{"start":{"line":7,"column":2},"end":{"line":7,"column":null}},"type":"if","locations":[{"start":{"line":7,"column":2},"end":{"line":7,"column":null}},{"start":{},"end":{}}],"line":7},"2":{"loc":{"start":{"line":12,"column":4},"end":{"line":12,"column":null}},"type":"if","locations":[{"start":{"line":12,"column":4},"end":{"line":12,"column":null}},{"start":{},"end":{}}],"line":12},"3":{"loc":{"start":{"line":16,"column":4},"end":{"line":16,"column":null}},"type":"if","locations":[{"start":{"line":16,"column":4},"end":{"line":16,"column":null}},{"start":{},"end":{}}],"line":16},"4":{"loc":{"start":{"line":20,"column":4},"end":{"line":20,"column":null}},"type":"if","locations":[{"start":{"line":20,"column":4},"end":{"line":20,"column":null}},{"start":{},"end":{}}],"line":20},"5":{"loc":{"start":{"line":20,"column":8},"end":{"line":20,"column":67}},"type":"binary-expr","locations":[{"start":{"line":20,"column":8},"end":{"line":20,"column":30}},{"start":{"line":20,"column":30},"end":{"line":20,"column":67}}],"line":20},"6":{"loc":{"start":{"line":23,"column":4},"end":{"line":26,"column":null}},"type":"if","locations":[{"start":{"line":23,"column":4},"end":{"line":26,"column":null}},{"start":{},"end":{}}],"line":23}},"s":{"0":1,"1":10,"2":10,"3":1,"4":9,"5":1,"6":8,"7":8,"8":8,"9":1,"10":7,"11":7,"12":1,"13":6,"14":6,"15":1,"16":5,"17":3,"18":3,"19":2},"f":{"0":10,"1":8},"b":{"0":[1,9],"1":[1,8],"2":[1,7],"3":[1,6],"4":[1,5],"5":[6,4],"6":[3,2]},"meta":{"lastBranch":7,"lastFunction":2,"lastStatement":20,"seen":{"s:3:13:30:Infinity":0,"f:3:13:3:30":0,"s:4:10:4:Infinity":1,"b:6:2:6:Infinity:undefined:undefined:undefined:undefined":0,"s:6:2:6:Infinity":2,"s:6:13:6:Infinity":3,"b:7:2:7:Infinity:undefined:undefined:undefined:undefined":1,"s:7:2:7:Infinity":4,"s:7:29:7:Infinity":5,"s:9:27:9:Infinity":6,"s:11:2:29:Infinity":7,"f:11:26:11:32":1,"b:12:4:12:Infinity:undefined:undefined:undefined:undefined":2,"s:12:4:12:Infinity":8,"s:12:40:12:Infinity":9,"s:15:22:15:Infinity":10,"b:16:4:16:Infinity:undefined:undefined:undefined:undefined":3,"s:16:4:16:Infinity":11,"s:16:32:16:Infinity":12,"s:18:39:18:Infinity":13,"b:20:4:20:Infinity:undefined:undefined:undefined:undefined":4,"s:20:4:20:Infinity":14,"b:20:8:20:30:20:30:20:67":5,"s:20:67:20:Infinity":15,"b:23:4:26:Infinity:undefined:undefined:undefined:undefined":6,"s:23:4:26:Infinity":16,"s:24:27:24:Infinity":17,"s:25:6:25:Infinity":18,"s:28:4:28:Infinity":19},"fnNames":{}}}
,"/home/elksandro/projects/faculdade/p7/dsc/projeto-eq03/salon-front/src/pages/appointments/PublicAppointment.tsx": {"path":"/home/elksandro/projects/faculdade/p7/dsc/projeto-eq03/salon-front/src/pages/appointments/PublicAppointment.tsx","statementMap":{"0":{"start":{"line":25,"column":2},"end":{"line":25,"column":null}},"1":{"start":{"line":25,"column":44},"end":{"line":25,"column":null}},"2":{"start":{"line":26,"column":2},"end":{"line":26,"column":null}},"3":{"start":{"line":30,"column":12},"end":{"line":30,"column":null}},"4":{"start":{"line":31,"column":12},"end":{"line":31,"column":null}},"5":{"start":{"line":32,"column":12},"end":{"line":32,"column":null}},"6":{"start":{"line":33,"column":12},"end":{"line":33,"column":null}},"7":{"start":{"line":34,"column":2},"end":{"line":34,"column":null}},"8":{"start":{"line":37,"column":13},"end":{"line":491,"column":null}},"9":{"start":{"line":38,"column":15},"end":{"line":38,"column":null}},"10":{"start":{"line":39,"column":19},"end":{"line":39,"column":null}},"11":{"start":{"line":40,"column":20},"end":{"line":40,"column":null}},"12":{"start":{"line":42,"column":26},"end":{"line":42,"column":null}},"13":{"start":{"line":43,"column":27},"end":{"line":43,"column":null}},"14":{"start":{"line":44,"column":24},"end":{"line":44,"column":null}},"15":{"start":{"line":45,"column":22},"end":{"line":45,"column":null}},"16":{"start":{"line":47,"column":20},"end":{"line":47,"column":null}},"17":{"start":{"line":48,"column":27},"end":{"line":48,"column":null}},"18":{"start":{"line":49,"column":19},"end":{"line":49,"column":null}},"19":{"start":{"line":50,"column":27},"end":{"line":50,"column":null}},"20":{"start":{"line":52,"column":10},"end":{"line":52,"column":null}},"21":{"start":{"line":53,"column":8},"end":{"line":53,"column":null}},"22":{"start":{"line":55,"column":2},"end":{"line":75,"column":null}},"23":{"start":{"line":56,"column":16},"end":{"line":56,"column":null}},"24":{"start":{"line":57,"column":4},"end":{"line":74,"column":null}},"25":{"start":{"line":58,"column":6},"end":{"line":73,"column":null}},"26":{"start":{"line":59,"column":18},"end":{"line":59,"column":null}},"27":{"start":{"line":65,"column":8},"end":{"line":65,"column":null}},"28":{"start":{"line":65,"column":25},"end":{"line":65,"column":null}},"29":{"start":{"line":66,"column":8},"end":{"line":66,"column":null}},"30":{"start":{"line":66,"column":26},"end":{"line":66,"column":null}},"31":{"start":{"line":67,"column":8},"end":{"line":67,"column":null}},"32":{"start":{"line":67,"column":29},"end":{"line":67,"column":null}},"33":{"start":{"line":68,"column":8},"end":{"line":68,"column":null}},"34":{"start":{"line":68,"column":27},"end":{"line":68,"column":null}},"35":{"start":{"line":69,"column":8},"end":{"line":70,"column":null}},"36":{"start":{"line":69,"column":41},"end":{"line":69,"column":null}},"37":{"start":{"line":70,"column":13},"end":{"line":70,"column":null}},"38":{"start":{"line":70,"column":30},"end":{"line":70,"column":null}},"39":{"start":{"line":77,"column":2},"end":{"line":100,"column":null}},"40":{"start":{"line":78,"column":29},"end":{"line":98,"column":null}},"41":{"start":{"line":79,"column":6},"end":{"line":97,"column":null}},"42":{"start":{"line":80,"column":57},"end":{"line":84,"column":null}},"43":{"start":{"line":83,"column":59},"end":{"line":83,"column":70}},"44":{"start":{"line":85,"column":8},"end":{"line":85,"column":null}},"45":{"start":{"line":85,"column":47},"end":{"line":85,"column":55}},"46":{"start":{"line":86,"column":8},"end":{"line":86,"column":null}},"47":{"start":{"line":87,"column":28},"end":{"line":87,"column":null}},"48":{"start":{"line":87,"column":50},"end":{"line":87,"column":77}},"49":{"start":{"line":88,"column":8},"end":{"line":88,"column":null}},"50":{"start":{"line":88,"column":49},"end":{"line":88,"column":null}},"51":{"start":{"line":90,"column":14},"end":{"line":93,"column":null}},"52":{"start":{"line":94,"column":8},"end":{"line":94,"column":null}},"53":{"start":{"line":96,"column":8},"end":{"line":96,"column":null}},"54":{"start":{"line":99,"column":4},"end":{"line":99,"column":null}},"55":{"start":{"line":102,"column":8},"end":{"line":114,"column":null}},"56":{"start":{"line":103,"column":4},"end":{"line":103,"column":null}},"57":{"start":{"line":103,"column":40},"end":{"line":103,"column":null}},"58":{"start":{"line":104,"column":4},"end":{"line":104,"column":null}},"59":{"start":{"line":104,"column":41},"end":{"line":104,"column":null}},"60":{"start":{"line":105,"column":4},"end":{"line":111,"column":null}},"61":{"start":{"line":106,"column":6},"end":{"line":109,"column":null}},"62":{"start":{"line":107,"column":8},"end":{"line":107,"column":null}},"63":{"start":{"line":108,"column":8},"end":{"line":108,"column":null}},"64":{"start":{"line":110,"column":6},"end":{"line":110,"column":null}},"65":{"start":{"line":112,"column":4},"end":{"line":112,"column":null}},"66":{"start":{"line":113,"column":4},"end":{"line":113,"column":null}},"67":{"start":{"line":116,"column":8},"end":{"line":119,"column":null}},"68":{"start":{"line":117,"column":4},"end":{"line":117,"column":null}},"69":{"start":{"line":118,"column":4},"end":{"line":118,"column":null}},"70":{"start":{"line":121,"column":23},"end":{"line":152,"column":null}},"71":{"start":{"line":122,"column":4},"end":{"line":134,"column":null}},"72":{"start":{"line":123,"column":6},"end":{"line":131,"column":null}},"73":{"start":{"line":132,"column":6},"end":{"line":132,"column":null}},"74":{"start":{"line":133,"column":6},"end":{"line":133,"column":null}},"75":{"start":{"line":135,"column":4},"end":{"line":135,"column":null}},"76":{"start":{"line":136,"column":4},"end":{"line":136,"column":null}},"77":{"start":{"line":137,"column":4},"end":{"line":151,"column":null}},"78":{"start":{"line":138,"column":6},"end":{"line":143,"column":null}},"79":{"start":{"line":144,"column":6},"end":{"line":144,"column":null}},"80":{"start":{"line":145,"column":6},"end":{"line":145,"column":null}},"81":{"start":{"line":147,"column":12},"end":{"line":147,"column":null}},"82":{"start":{"line":148,"column":6},"end":{"line":148,"column":null}},"83":{"start":{"line":150,"column":6},"end":{"line":150,"column":null}},"84":{"start":{"line":154,"column":2},"end":{"line":160,"column":null}},"85":{"start":{"line":155,"column":4},"end":{"line":158,"column":null}},"86":{"start":{"line":162,"column":2},"end":{"line":183,"column":null}},"87":{"start":{"line":163,"column":4},"end":{"line":181,"column":null}},"88":{"start":{"line":176,"column":27},"end":{"line":176,"column":null}},"89":{"start":{"line":185,"column":16},"end":{"line":190,"column":null}},"90":{"start":{"line":192,"column":22},"end":{"line":192,"column":null}},"91":{"start":{"line":192,"column":43},"end":{"line":192,"column":67}},"92":{"start":{"line":193,"column":21},"end":{"line":193,"column":null}},"93":{"start":{"line":195,"column":2},"end":{"line":489,"column":null}},"94":{"start":{"line":217,"column":27},"end":{"line":217,"column":null}},"95":{"start":{"line":229,"column":10},"end":{"line":246,"column":null}},"96":{"start":{"line":279,"column":30},"end":{"line":279,"column":null}},"97":{"start":{"line":280,"column":18},"end":{"line":305,"column":null}},"98":{"start":{"line":283,"column":37},"end":{"line":283,"column":null}},"99":{"start":{"line":333,"column":18},"end":{"line":354,"column":null}},"100":{"start":{"line":335,"column":35},"end":{"line":335,"column":null}},"101":{"start":{"line":385,"column":33},"end":{"line":385,"column":null}},"102":{"start":{"line":401,"column":33},"end":{"line":401,"column":null}},"103":{"start":{"line":424,"column":49},"end":{"line":424,"column":74}},"104":{"start":{"line":439,"column":18},"end":{"line":446,"column":null}}},"fnMap":{"0":{"name":"priceTagLabel","decl":{"start":{"line":24,"column":9},"end":{"line":24,"column":23}},"loc":{"start":{"line":24,"column":72},"end":{"line":27,"column":null}},"line":24},"1":{"name":"localTodayIso","decl":{"start":{"line":29,"column":9},"end":{"line":29,"column":33}},"loc":{"start":{"line":29,"column":33},"end":{"line":35,"column":null}},"line":29},"2":{"name":"(anonymous_2)","decl":{"start":{"line":37,"column":13},"end":{"line":37,"column":39}},"loc":{"start":{"line":37,"column":39},"end":{"line":491,"column":null}},"line":37},"3":{"name":"(anonymous_3)","decl":{"start":{"line":55,"column":2},"end":{"line":55,"column":18}},"loc":{"start":{"line":55,"column":18},"end":{"line":75,"column":5}},"line":55},"4":{"name":"(anonymous_4)","decl":{"start":{"line":77,"column":2},"end":{"line":77,"column":18}},"loc":{"start":{"line":77,"column":18},"end":{"line":100,"column":5}},"line":77},"5":{"name":"(anonymous_5)","decl":{"start":{"line":78,"column":29},"end":{"line":78,"column":41}},"loc":{"start":{"line":78,"column":41},"end":{"line":98,"column":null}},"line":78},"6":{"name":"(anonymous_6)","decl":{"start":{"line":83,"column":47},"end":{"line":83,"column":59}},"loc":{"start":{"line":83,"column":59},"end":{"line":83,"column":70}},"line":83},"7":{"name":"(anonymous_7)","decl":{"start":{"line":85,"column":33},"end":{"line":85,"column":41}},"loc":{"start":{"line":85,"column":47},"end":{"line":85,"column":55}},"line":85},"8":{"name":"(anonymous_8)","decl":{"start":{"line":87,"column":38},"end":{"line":87,"column":44}},"loc":{"start":{"line":87,"column":50},"end":{"line":87,"column":77}},"line":87},"9":{"name":"(anonymous_9)","decl":{"start":{"line":102,"column":8},"end":{"line":102,"column":27}},"loc":{"start":{"line":102,"column":27},"end":{"line":114,"column":null}},"line":102},"10":{"name":"(anonymous_10)","decl":{"start":{"line":116,"column":8},"end":{"line":116,"column":27}},"loc":{"start":{"line":116,"column":27},"end":{"line":119,"column":null}},"line":116},"11":{"name":"(anonymous_11)","decl":{"start":{"line":121,"column":23},"end":{"line":121,"column":35}},"loc":{"start":{"line":121,"column":35},"end":{"line":152,"column":null}},"line":121},"12":{"name":"(anonymous_12)","decl":{"start":{"line":176,"column":12},"end":{"line":176,"column":27}},"loc":{"start":{"line":176,"column":27},"end":{"line":176,"column":null}},"line":176},"13":{"name":"(anonymous_13)","decl":{"start":{"line":192,"column":31},"end":{"line":192,"column":37}},"loc":{"start":{"line":192,"column":43},"end":{"line":192,"column":67}},"line":192},"14":{"name":"(anonymous_14)","decl":{"start":{"line":217,"column":12},"end":{"line":217,"column":27}},"loc":{"start":{"line":217,"column":27},"end":{"line":217,"column":null}},"line":217},"15":{"name":"(anonymous_15)","decl":{"start":{"line":228,"column":15},"end":{"line":228,"column":20}},"loc":{"start":{"line":229,"column":10},"end":{"line":246,"column":null}},"line":229},"16":{"name":"(anonymous_16)","decl":{"start":{"line":278,"column":26},"end":{"line":278,"column":31}},"loc":{"start":{"line":278,"column":39},"end":{"line":307,"column":17}},"line":278},"17":{"name":"(anonymous_17)","decl":{"start":{"line":283,"column":22},"end":{"line":283,"column":37}},"loc":{"start":{"line":283,"column":37},"end":{"line":283,"column":null}},"line":283},"18":{"name":"(anonymous_18)","decl":{"start":{"line":332,"column":27},"end":{"line":332,"column":32}},"loc":{"start":{"line":333,"column":18},"end":{"line":354,"column":null}},"line":333},"19":{"name":"(anonymous_19)","decl":{"start":{"line":335,"column":20},"end":{"line":335,"column":35}},"loc":{"start":{"line":335,"column":35},"end":{"line":335,"column":null}},"line":335},"20":{"name":"(anonymous_20)","decl":{"start":{"line":385,"column":16},"end":{"line":385,"column":27}},"loc":{"start":{"line":385,"column":33},"end":{"line":385,"column":null}},"line":385},"21":{"name":"(anonymous_21)","decl":{"start":{"line":401,"column":16},"end":{"line":401,"column":27}},"loc":{"start":{"line":401,"column":33},"end":{"line":401,"column":null}},"line":401},"22":{"name":"(anonymous_22)","decl":{"start":{"line":424,"column":37},"end":{"line":424,"column":43}},"loc":{"start":{"line":424,"column":49},"end":{"line":424,"column":74}},"line":424},"23":{"name":"(anonymous_23)","decl":{"start":{"line":438,"column":18},"end":{"line":438,"column":23}},"loc":{"start":{"line":439,"column":18},"end":{"line":446,"column":null}},"line":439}},"branchMap":{"0":{"loc":{"start":{"line":25,"column":2},"end":{"line":25,"column":null}},"type":"if","locations":[{"start":{"line":25,"column":2},"end":{"line":25,"column":null}},{"start":{},"end":{}}],"line":25},"1":{"loc":{"start":{"line":25,"column":6},"end":{"line":25,"column":44}},"type":"binary-expr","locations":[{"start":{"line":25,"column":6},"end":{"line":25,"column":23}},{"start":{"line":25,"column":23},"end":{"line":25,"column":44}}],"line":25},"2":{"loc":{"start":{"line":57,"column":4},"end":{"line":74,"column":null}},"type":"if","locations":[{"start":{"line":57,"column":4},"end":{"line":74,"column":null}},{"start":{},"end":{}}],"line":57},"3":{"loc":{"start":{"line":65,"column":8},"end":{"line":65,"column":null}},"type":"if","locations":[{"start":{"line":65,"column":8},"end":{"line":65,"column":null}},{"start":{},"end":{}}],"line":65},"4":{"loc":{"start":{"line":66,"column":8},"end":{"line":66,"column":null}},"type":"if","locations":[{"start":{"line":66,"column":8},"end":{"line":66,"column":null}},{"start":{},"end":{}}],"line":66},"5":{"loc":{"start":{"line":67,"column":8},"end":{"line":67,"column":null}},"type":"if","locations":[{"start":{"line":67,"column":8},"end":{"line":67,"column":null}},{"start":{},"end":{}}],"line":67},"6":{"loc":{"start":{"line":68,"column":8},"end":{"line":68,"column":null}},"type":"if","locations":[{"start":{"line":68,"column":8},"end":{"line":68,"column":null}},{"start":{},"end":{}}],"line":68},"7":{"loc":{"start":{"line":69,"column":8},"end":{"line":70,"column":null}},"type":"if","locations":[{"start":{"line":69,"column":8},"end":{"line":70,"column":null}},{"start":{"line":70,"column":13},"end":{"line":70,"column":null}}],"line":69},"8":{"loc":{"start":{"line":69,"column":12},"end":{"line":69,"column":41}},"type":"binary-expr","locations":[{"start":{"line":69,"column":12},"end":{"line":69,"column":27}},{"start":{"line":69,"column":27},"end":{"line":69,"column":41}}],"line":69},"9":{"loc":{"start":{"line":70,"column":13},"end":{"line":70,"column":null}},"type":"if","locations":[{"start":{"line":70,"column":13},"end":{"line":70,"column":null}},{"start":{},"end":{}}],"line":70},"10":{"loc":{"start":{"line":88,"column":8},"end":{"line":88,"column":null}},"type":"if","locations":[{"start":{"line":88,"column":8},"end":{"line":88,"column":null}},{"start":{},"end":{}}],"line":88},"11":{"loc":{"start":{"line":88,"column":12},"end":{"line":88,"column":49}},"type":"binary-expr","locations":[{"start":{"line":88,"column":12},"end":{"line":88,"column":27}},{"start":{"line":88,"column":27},"end":{"line":88,"column":49}}],"line":88},"12":{"loc":{"start":{"line":103,"column":4},"end":{"line":103,"column":null}},"type":"if","locations":[{"start":{"line":103,"column":4},"end":{"line":103,"column":null}},{"start":{},"end":{}}],"line":103},"13":{"loc":{"start":{"line":103,"column":8},"end":{"line":103,"column":40}},"type":"binary-expr","locations":[{"start":{"line":103,"column":8},"end":{"line":103,"column":22}},{"start":{"line":103,"column":22},"end":{"line":103,"column":40}}],"line":103},"14":{"loc":{"start":{"line":104,"column":4},"end":{"line":104,"column":null}},"type":"if","locations":[{"start":{"line":104,"column":4},"end":{"line":104,"column":null}},{"start":{},"end":{}}],"line":104},"15":{"loc":{"start":{"line":104,"column":8},"end":{"line":104,"column":41}},"type":"binary-expr","locations":[{"start":{"line":104,"column":8},"end":{"line":104,"column":22}},{"start":{"line":104,"column":22},"end":{"line":104,"column":41}}],"line":104},"16":{"loc":{"start":{"line":105,"column":4},"end":{"line":111,"column":null}},"type":"if","locations":[{"start":{"line":105,"column":4},"end":{"line":111,"column":null}},{"start":{},"end":{}}],"line":105},"17":{"loc":{"start":{"line":106,"column":6},"end":{"line":109,"column":null}},"type":"if","locations":[{"start":{"line":106,"column":6},"end":{"line":109,"column":null}},{"start":{},"end":{}}],"line":106},"18":{"loc":{"start":{"line":106,"column":10},"end":{"line":106,"column":60}},"type":"binary-expr","locations":[{"start":{"line":106,"column":10},"end":{"line":106,"column":27}},{"start":{"line":106,"column":27},"end":{"line":106,"column":60}}],"line":106},"19":{"loc":{"start":{"line":122,"column":4},"end":{"line":134,"column":null}},"type":"if","locations":[{"start":{"line":122,"column":4},"end":{"line":134,"column":null}},{"start":{},"end":{}}],"line":122},"20":{"loc":{"start":{"line":128,"column":25},"end":{"line":128,"column":null}},"type":"binary-expr","locations":[{"start":{"line":128,"column":25},"end":{"line":128,"column":42}},{"start":{"line":128,"column":42},"end":{"line":128,"column":null}}],"line":128},"21":{"loc":{"start":{"line":129,"column":23},"end":{"line":129,"column":null}},"type":"binary-expr","locations":[{"start":{"line":129,"column":23},"end":{"line":129,"column":38}},{"start":{"line":129,"column":38},"end":{"line":129,"column":null}}],"line":129},"22":{"loc":{"start":{"line":141,"column":23},"end":{"line":141,"column":null}},"type":"binary-expr","locations":[{"start":{"line":141,"column":23},"end":{"line":141,"column":40}},{"start":{"line":141,"column":40},"end":{"line":141,"column":null}}],"line":141},"23":{"loc":{"start":{"line":142,"column":21},"end":{"line":142,"column":null}},"type":"binary-expr","locations":[{"start":{"line":142,"column":21},"end":{"line":142,"column":43}},{"start":{"line":142,"column":43},"end":{"line":142,"column":null}}],"line":142},"24":{"loc":{"start":{"line":154,"column":2},"end":{"line":160,"column":null}},"type":"if","locations":[{"start":{"line":154,"column":2},"end":{"line":160,"column":null}},{"start":{},"end":{}}],"line":154},"25":{"loc":{"start":{"line":162,"column":2},"end":{"line":183,"column":null}},"type":"if","locations":[{"start":{"line":162,"column":2},"end":{"line":183,"column":null}},{"start":{},"end":{}}],"line":162},"26":{"loc":{"start":{"line":207,"column":7},"end":{"line":222,"column":null}},"type":"binary-expr","locations":[{"start":{"line":207,"column":7},"end":{"line":207,"column":null}},{"start":{"line":208,"column":8},"end":{"line":222,"column":null}}],"line":207},"27":{"loc":{"start":{"line":232,"column":16},"end":{"line":236,"column":null}},"type":"cond-expr","locations":[{"start":{"line":233,"column":20},"end":{"line":233,"column":null}},{"start":{"line":234,"column":20},"end":{"line":236,"column":null}}],"line":232},"28":{"loc":{"start":{"line":234,"column":20},"end":{"line":236,"column":null}},"type":"cond-expr","locations":[{"start":{"line":235,"column":22},"end":{"line":235,"column":null}},{"start":{"line":236,"column":22},"end":{"line":236,"column":null}}],"line":234},"29":{"loc":{"start":{"line":239,"column":15},"end":{"line":239,"column":null}},"type":"cond-expr","locations":[{"start":{"line":239,"column":28},"end":{"line":239,"column":58}},{"start":{"line":239,"column":56},"end":{"line":239,"column":null}}],"line":239},"30":{"loc":{"start":{"line":242,"column":75},"end":{"line":242,"column":null}},"type":"cond-expr","locations":[{"start":{"line":242,"column":90},"end":{"line":242,"column":109}},{"start":{"line":242,"column":109},"end":{"line":242,"column":null}}],"line":242},"31":{"loc":{"start":{"line":242,"column":109},"end":{"line":242,"column":null}},"type":"cond-expr","locations":[{"start":{"line":242,"column":122},"end":{"line":242,"column":141}},{"start":{"line":242,"column":141},"end":{"line":242,"column":null}}],"line":242},"32":{"loc":{"start":{"line":252,"column":9},"end":{"line":256,"column":null}},"type":"binary-expr","locations":[{"start":{"line":252,"column":9},"end":{"line":252,"column":null}},{"start":{"line":253,"column":10},"end":{"line":256,"column":null}}],"line":252},"33":{"loc":{"start":{"line":260,"column":9},"end":{"line":310,"column":null}},"type":"binary-expr","locations":[{"start":{"line":260,"column":9},"end":{"line":260,"column":null}},{"start":{"line":261,"column":10},"end":{"line":310,"column":null}}],"line":260},"34":{"loc":{"start":{"line":265,"column":13},"end":{"line":310,"column":null}},"type":"cond-expr","locations":[{"start":{"line":266,"column":14},"end":{"line":277,"column":15}},{"start":{"line":277,"column":14},"end":{"line":310,"column":null}}],"line":265},"35":{"loc":{"start":{"line":285,"column":24},"end":{"line":287,"column":null}},"type":"cond-expr","locations":[{"start":{"line":286,"column":28},"end":{"line":286,"column":null}},{"start":{"line":287,"column":28},"end":{"line":287,"column":null}}],"line":285},"36":{"loc":{"start":{"line":290,"column":23},"end":{"line":293,"column":null}},"type":"binary-expr","locations":[{"start":{"line":290,"column":23},"end":{"line":290,"column":null}},{"start":{"line":291,"column":24},"end":{"line":293,"column":null}}],"line":290},"37":{"loc":{"start":{"line":297,"column":25},"end":{"line":297,"column":null}},"type":"binary-expr","locations":[{"start":{"line":297,"column":25},"end":{"line":297,"column":44}},{"start":{"line":297,"column":44},"end":{"line":297,"column":null}}],"line":297},"38":{"loc":{"start":{"line":302,"column":23},"end":{"line":303,"column":null}},"type":"binary-expr","locations":[{"start":{"line":302,"column":23},"end":{"line":302,"column":null}},{"start":{"line":303,"column":24},"end":{"line":303,"column":null}}],"line":302},"39":{"loc":{"start":{"line":314,"column":9},"end":{"line":358,"column":null}},"type":"binary-expr","locations":[{"start":{"line":314,"column":9},"end":{"line":314,"column":null}},{"start":{"line":315,"column":10},"end":{"line":358,"column":null}}],"line":314},"40":{"loc":{"start":{"line":319,"column":13},"end":{"line":358,"column":null}},"type":"cond-expr","locations":[{"start":{"line":320,"column":14},"end":{"line":331,"column":15}},{"start":{"line":331,"column":14},"end":{"line":358,"column":null}}],"line":319},"41":{"loc":{"start":{"line":337,"column":22},"end":{"line":339,"column":null}},"type":"cond-expr","locations":[{"start":{"line":338,"column":26},"end":{"line":338,"column":null}},{"start":{"line":339,"column":26},"end":{"line":339,"column":null}}],"line":337},"42":{"loc":{"start":{"line":343,"column":24},"end":{"line":343,"column":41}},"type":"binary-expr","locations":[{"start":{"line":343,"column":24},"end":{"line":343,"column":36}},{"start":{"line":343,"column":36},"end":{"line":343,"column":41}}],"line":343},"43":{"loc":{"start":{"line":348,"column":25},"end":{"line":348,"column":null}},"type":"binary-expr","locations":[{"start":{"line":348,"column":25},"end":{"line":348,"column":36}},{"start":{"line":348,"column":36},"end":{"line":348,"column":null}}],"line":348},"44":{"loc":{"start":{"line":351,"column":21},"end":{"line":352,"column":null}},"type":"binary-expr","locations":[{"start":{"line":351,"column":21},"end":{"line":351,"column":null}},{"start":{"line":352,"column":22},"end":{"line":352,"column":null}}],"line":351},"45":{"loc":{"start":{"line":362,"column":9},"end":{"line":405,"column":null}},"type":"binary-expr","locations":[{"start":{"line":362,"column":9},"end":{"line":362,"column":null}},{"start":{"line":363,"column":10},"end":{"line":405,"column":null}}],"line":362},"46":{"loc":{"start":{"line":409,"column":9},"end":{"line":457,"column":null}},"type":"binary-expr","locations":[{"start":{"line":409,"column":9},"end":{"line":409,"column":null}},{"start":{"line":410,"column":10},"end":{"line":457,"column":null}}],"line":409},"47":{"loc":{"start":{"line":426,"column":22},"end":{"line":433,"column":null}},"type":"cond-expr","locations":[{"start":{"line":427,"column":22},"end":{"line":432,"column":null}},{"start":{"line":433,"column":22},"end":{"line":433,"column":null}}],"line":426},"48":{"loc":{"start":{"line":434,"column":22},"end":{"line":436,"column":null}},"type":"cond-expr","locations":[{"start":{"line":435,"column":22},"end":{"line":435,"column":null}},{"start":{"line":436,"column":22},"end":{"line":436,"column":null}}],"line":434},"49":{"loc":{"start":{"line":437,"column":57},"end":{"line":437,"column":97}},"type":"binary-expr","locations":[{"start":{"line":437,"column":57},"end":{"line":437,"column":71}},{"start":{"line":437,"column":71},"end":{"line":437,"column":97}}],"line":437},"50":{"loc":{"start":{"line":451,"column":13},"end":{"line":455,"column":null}},"type":"binary-expr","locations":[{"start":{"line":451,"column":13},"end":{"line":451,"column":null}},{"start":{"line":452,"column":14},"end":{"line":455,"column":null}}],"line":451},"51":{"loc":{"start":{"line":464,"column":22},"end":{"line":464,"column":null}},"type":"binary-expr","locations":[{"start":{"line":464,"column":22},"end":{"line":464,"column":36}},{"start":{"line":464,"column":36},"end":{"line":464,"column":null}}],"line":464},"52":{"loc":{"start":{"line":470,"column":11},"end":{"line":487,"column":null}},"type":"cond-expr","locations":[{"start":{"line":471,"column":12},"end":{"line":479,"column":13}},{"start":{"line":479,"column":12},"end":{"line":487,"column":null}}],"line":470},"53":{"loc":{"start":{"line":473,"column":25},"end":{"line":473,"column":null}},"type":"binary-expr","locations":[{"start":{"line":473,"column":25},"end":{"line":473,"column":39}},{"start":{"line":473,"column":39},"end":{"line":473,"column":61}},{"start":{"line":473,"column":61},"end":{"line":473,"column":75}},{"start":{"line":473,"column":75},"end":{"line":473,"column":null}}],"line":473},"54":{"loc":{"start":{"line":484,"column":15},"end":{"line":484,"column":64}},"type":"cond-expr","locations":[{"start":{"line":484,"column":27},"end":{"line":484,"column":43}},{"start":{"line":484,"column":43},"end":{"line":484,"column":64}}],"line":484}},"s":{"0":70,"1":10,"2":60,"3":10,"4":10,"5":10,"6":10,"7":10,"8":1,"9":58,"10":58,"11":58,"12":58,"13":58,"14":58,"15":58,"16":58,"17":58,"18":58,"19":58,"20":58,"21":58,"22":58,"23":13,"24":13,"25":3,"26":3,"27":3,"28":2,"29":2,"30":1,"31":2,"32":2,"33":2,"34":2,"35":2,"36":1,"37":1,"38":1,"39":58,"40":13,"41":13,"42":13,"43":1,"44":12,"45":22,"46":12,"47":12,"48":11,"49":12,"50":1,"51":1,"52":1,"53":13,"54":13,"55":58,"56":13,"57":0,"58":13,"59":0,"60":13,"61":4,"62":1,"63":1,"64":3,"65":12,"66":12,"67":58,"68":1,"69":1,"70":58,"71":3,"72":1,"73":1,"74":1,"75":2,"76":2,"77":2,"78":2,"79":1,"80":1,"81":1,"82":1,"83":2,"84":58,"85":15,"86":43,"87":1,"88":1,"89":42,"90":42,"91":48,"92":42,"93":58,"94":1,"95":168,"96":28,"97":28,"98":5,"99":10,"100":4,"101":2,"102":1,"103":8,"104":32},"f":{"0":70,"1":10,"2":58,"3":13,"4":13,"5":13,"6":1,"7":22,"8":11,"9":13,"10":1,"11":3,"12":1,"13":48,"14":1,"15":168,"16":28,"17":5,"18":10,"19":4,"20":2,"21":1,"22":8,"23":32},"b":{"0":[10,60],"1":[70,60],"2":[3,10],"3":[2,1],"4":[1,1],"5":[1,1],"6":[1,1],"7":[1,1],"8":[2,2],"9":[1,0],"10":[1,11],"11":[12,11],"12":[0,13],"13":[13,5],"14":[0,13],"15":[13,4],"16":[4,9],"17":[1,3],"18":[4,2],"19":[1,2],"20":[1,1],"21":[1,1],"22":[2,1],"23":[3,1],"24":[15,43],"25":[1,42],"26":[58,7],"27":[50,118],"28":[42,76],"29":[50,118],"30":[42,126],"31":[50,76],"32":[58,3],"33":[58,16],"34":[2,14],"35":[6,22],"36":[28,28],"37":[28,0],"38":[28,6],"39":[58,10],"40":[0,10],"41":[4,6],"42":[10,0],"43":[10,0],"44":[10,4],"45":[58,8],"46":[58,8],"47":[4,4],"48":[4,4],"49":[8,0],"50":[8,1],"51":[58,26],"52":[34,8],"53":[34,16,24,10],"54":[2,6]},"meta":{"lastBranch":55,"lastFunction":24,"lastStatement":105,"seen":{"f:24:9:24:23":0,"b:25:2:25:Infinity:undefined:undefined:undefined:undefined":0,"s:25:2:25:Infinity":0,"b:25:6:25:23:25:23:25:44":1,"s:25:44:25:Infinity":1,"s:26:2:26:Infinity":2,"f:29:9:29:33":1,"s:30:12:30:Infinity":3,"s:31:12:31:Infinity":4,"s:32:12:32:Infinity":5,"s:33:12:33:Infinity":6,"s:34:2:34:Infinity":7,"s:37:13:491:Infinity":8,"f:37:13:37:39":2,"s:38:15:38:Infinity":9,"s:39:19:39:Infinity":10,"s:40:20:40:Infinity":11,"s:42:26:42:Infinity":12,"s:43:27:43:Infinity":13,"s:44:24:44:Infinity":14,"s:45:22:45:Infinity":15,"s:47:20:47:Infinity":16,"s:48:27:48:Infinity":17,"s:49:19:49:Infinity":18,"s:50:27:50:Infinity":19,"s:52:10:52:Infinity":20,"s:53:8:53:Infinity":21,"s:55:2:75:Infinity":22,"f:55:2:55:18":3,"s:56:16:56:Infinity":23,"b:57:4:74:Infinity:undefined:undefined:undefined:undefined":2,"s:57:4:74:Infinity":24,"s:58:6:73:Infinity":25,"s:59:18:59:Infinity":26,"b:65:8:65:Infinity:undefined:undefined:undefined:undefined":3,"s:65:8:65:Infinity":27,"s:65:25:65:Infinity":28,"b:66:8:66:Infinity:undefined:undefined:undefined:undefined":4,"s:66:8:66:Infinity":29,"s:66:26:66:Infinity":30,"b:67:8:67:Infinity:undefined:undefined:undefined:undefined":5,"s:67:8:67:Infinity":31,"s:67:29:67:Infinity":32,"b:68:8:68:Infinity:undefined:undefined:undefined:undefined":6,"s:68:8:68:Infinity":33,"s:68:27:68:Infinity":34,"b:69:8:70:Infinity:70:13:70:Infinity":7,"s:69:8:70:Infinity":35,"b:69:12:69:27:69:27:69:41":8,"s:69:41:69:Infinity":36,"b:70:13:70:Infinity:undefined:undefined:undefined:undefined":9,"s:70:13:70:Infinity":37,"s:70:30:70:Infinity":38,"s:77:2:100:Infinity":39,"f:77:2:77:18":4,"s:78:29:98:Infinity":40,"f:78:29:78:41":5,"s:79:6:97:Infinity":41,"s:80:57:84:Infinity":42,"f:83:47:83:59":6,"s:83:59:83:70":43,"s:85:8:85:Infinity":44,"f:85:33:85:41":7,"s:85:47:85:55":45,"s:86:8:86:Infinity":46,"s:87:28:87:Infinity":47,"f:87:38:87:44":8,"s:87:50:87:77":48,"b:88:8:88:Infinity:undefined:undefined:undefined:undefined":10,"s:88:8:88:Infinity":49,"b:88:12:88:27:88:27:88:49":11,"s:88:49:88:Infinity":50,"s:90:14:93:Infinity":51,"s:94:8:94:Infinity":52,"s:96:8:96:Infinity":53,"s:99:4:99:Infinity":54,"s:102:8:114:Infinity":55,"f:102:8:102:27":9,"b:103:4:103:Infinity:undefined:undefined:undefined:undefined":12,"s:103:4:103:Infinity":56,"b:103:8:103:22:103:22:103:40":13,"s:103:40:103:Infinity":57,"b:104:4:104:Infinity:undefined:undefined:undefined:undefined":14,"s:104:4:104:Infinity":58,"b:104:8:104:22:104:22:104:41":15,"s:104:41:104:Infinity":59,"b:105:4:111:Infinity:undefined:undefined:undefined:undefined":16,"s:105:4:111:Infinity":60,"b:106:6:109:Infinity:undefined:undefined:undefined:undefined":17,"s:106:6:109:Infinity":61,"b:106:10:106:27:106:27:106:60":18,"s:107:8:107:Infinity":62,"s:108:8:108:Infinity":63,"s:110:6:110:Infinity":64,"s:112:4:112:Infinity":65,"s:113:4:113:Infinity":66,"s:116:8:119:Infinity":67,"f:116:8:116:27":10,"s:117:4:117:Infinity":68,"s:118:4:118:Infinity":69,"s:121:23:152:Infinity":70,"f:121:23:121:35":11,"b:122:4:134:Infinity:undefined:undefined:undefined:undefined":19,"s:122:4:134:Infinity":71,"s:123:6:131:Infinity":72,"b:128:25:128:42:128:42:128:Infinity":20,"b:129:23:129:38:129:38:129:Infinity":21,"s:132:6:132:Infinity":73,"s:133:6:133:Infinity":74,"s:135:4:135:Infinity":75,"s:136:4:136:Infinity":76,"s:137:4:151:Infinity":77,"s:138:6:143:Infinity":78,"b:141:23:141:40:141:40:141:Infinity":22,"b:142:21:142:43:142:43:142:Infinity":23,"s:144:6:144:Infinity":79,"s:145:6:145:Infinity":80,"s:147:12:147:Infinity":81,"s:148:6:148:Infinity":82,"s:150:6:150:Infinity":83,"b:154:2:160:Infinity:undefined:undefined:undefined:undefined":24,"s:154:2:160:Infinity":84,"s:155:4:158:Infinity":85,"b:162:2:183:Infinity:undefined:undefined:undefined:undefined":25,"s:162:2:183:Infinity":86,"s:163:4:181:Infinity":87,"f:176:12:176:27":12,"s:176:27:176:Infinity":88,"s:185:16:190:Infinity":89,"s:192:22:192:Infinity":90,"f:192:31:192:37":13,"s:192:43:192:67":91,"s:193:21:193:Infinity":92,"s:195:2:489:Infinity":93,"b:207:7:207:Infinity:208:8:222:Infinity":26,"f:217:12:217:27":14,"s:217:27:217:Infinity":94,"f:228:15:228:20":15,"s:229:10:246:Infinity":95,"b:233:20:233:Infinity:234:20:236:Infinity":27,"b:235:22:235:Infinity:236:22:236:Infinity":28,"b:239:28:239:58:239:56:239:Infinity":29,"b:242:90:242:109:242:109:242:Infinity":30,"b:242:122:242:141:242:141:242:Infinity":31,"b:252:9:252:Infinity:253:10:256:Infinity":32,"b:260:9:260:Infinity:261:10:310:Infinity":33,"b:266:14:277:15:277:14:310:Infinity":34,"f:278:26:278:31":16,"s:279:30:279:Infinity":96,"s:280:18:305:Infinity":97,"f:283:22:283:37":17,"s:283:37:283:Infinity":98,"b:286:28:286:Infinity:287:28:287:Infinity":35,"b:290:23:290:Infinity:291:24:293:Infinity":36,"b:297:25:297:44:297:44:297:Infinity":37,"b:302:23:302:Infinity:303:24:303:Infinity":38,"b:314:9:314:Infinity:315:10:358:Infinity":39,"b:320:14:331:15:331:14:358:Infinity":40,"f:332:27:332:32":18,"s:333:18:354:Infinity":99,"f:335:20:335:35":19,"s:335:35:335:Infinity":100,"b:338:26:338:Infinity:339:26:339:Infinity":41,"b:343:24:343:36:343:36:343:41":42,"b:348:25:348:36:348:36:348:Infinity":43,"b:351:21:351:Infinity:352:22:352:Infinity":44,"b:362:9:362:Infinity:363:10:405:Infinity":45,"f:385:16:385:27":20,"s:385:33:385:Infinity":101,"f:401:16:401:27":21,"s:401:33:401:Infinity":102,"b:409:9:409:Infinity:410:10:457:Infinity":46,"f:424:37:424:43":22,"s:424:49:424:74":103,"b:427:22:432:Infinity:433:22:433:Infinity":47,"b:435:22:435:Infinity:436:22:436:Infinity":48,"b:437:57:437:71:437:71:437:97":49,"f:438:18:438:23":23,"s:439:18:446:Infinity":104,"b:451:13:451:Infinity:452:14:455:Infinity":50,"b:464:22:464:36:464:36:464:Infinity":51,"b:471:12:479:13:479:12:487:Infinity":52,"b:473:25:473:39:473:39:473:61:473:61:473:75:473:75:473:Infinity":53,"b:484:27:484:43:484:43:484:64":54},"fnNames":{}}}
,"/home/elksandro/projects/faculdade/p7/dsc/projeto-eq03/salon-front/src/services/api.ts": {"path":"/home/elksandro/projects/faculdade/p7/dsc/projeto-eq03/salon-front/src/services/api.ts","statementMap":{"0":{"start":{"line":8,"column":12},"end":{"line":13,"column":null}},"1":{"start":{"line":15,"column":19},"end":{"line":15,"column":null}},"2":{"start":{"line":21,"column":35},"end":{"line":21,"column":null}},"3":{"start":{"line":23,"column":6},"end":{"line":32,"column":null}},"4":{"start":{"line":24,"column":2},"end":{"line":30,"column":null}},"5":{"start":{"line":25,"column":4},"end":{"line":29,"column":null}},"6":{"start":{"line":26,"column":6},"end":{"line":26,"column":null}},"7":{"start":{"line":28,"column":6},"end":{"line":28,"column":null}},"8":{"start":{"line":31,"column":2},"end":{"line":31,"column":null}},"9":{"start":{"line":40,"column":6},"end":{"line":46,"column":null}},"10":{"start":{"line":41,"column":14},"end":{"line":41,"column":null}},"11":{"start":{"line":42,"column":25},"end":{"line":42,"column":null}},"12":{"start":{"line":43,"column":2},"end":{"line":45,"column":null}},"13":{"start":{"line":44,"column":4},"end":{"line":44,"column":null}},"14":{"start":{"line":48,"column":0},"end":{"line":69,"column":null}},"15":{"start":{"line":52,"column":6},"end":{"line":54,"column":null}},"16":{"start":{"line":56,"column":4},"end":{"line":58,"column":null}},"17":{"start":{"line":57,"column":6},"end":{"line":57,"column":null}},"18":{"start":{"line":60,"column":18},"end":{"line":60,"column":null}},"19":{"start":{"line":61,"column":4},"end":{"line":63,"column":null}},"20":{"start":{"line":62,"column":6},"end":{"line":62,"column":null}},"21":{"start":{"line":64,"column":4},"end":{"line":64,"column":null}},"22":{"start":{"line":67,"column":4},"end":{"line":67,"column":null}},"23":{"start":{"line":71,"column":0},"end":{"line":150,"column":null}},"24":{"start":{"line":73,"column":4},"end":{"line":73,"column":null}},"25":{"start":{"line":76,"column":28},"end":{"line":76,"column":null}},"26":{"start":{"line":78,"column":4},"end":{"line":138,"column":null}},"27":{"start":{"line":79,"column":6},"end":{"line":92,"column":null}},"28":{"start":{"line":80,"column":8},"end":{"line":91,"column":null}},"29":{"start":{"line":81,"column":10},"end":{"line":81,"column":null}},"30":{"start":{"line":84,"column":12},"end":{"line":86,"column":null}},"31":{"start":{"line":85,"column":14},"end":{"line":85,"column":null}},"32":{"start":{"line":87,"column":12},"end":{"line":87,"column":null}},"33":{"start":{"line":90,"column":12},"end":{"line":90,"column":null}},"34":{"start":{"line":94,"column":6},"end":{"line":94,"column":null}},"35":{"start":{"line":95,"column":6},"end":{"line":95,"column":null}},"36":{"start":{"line":97,"column":27},"end":{"line":97,"column":null}},"37":{"start":{"line":99,"column":6},"end":{"line":106,"column":null}},"38":{"start":{"line":100,"column":8},"end":{"line":100,"column":null}},"39":{"start":{"line":101,"column":8},"end":{"line":101,"column":null}},"40":{"start":{"line":102,"column":8},"end":{"line":102,"column":null}},"41":{"start":{"line":104,"column":8},"end":{"line":104,"column":null}},"42":{"start":{"line":105,"column":8},"end":{"line":105,"column":null}},"43":{"start":{"line":108,"column":6},"end":{"line":137,"column":null}},"44":{"start":{"line":109,"column":25},"end":{"line":117,"column":null}},"45":{"start":{"line":119,"column":8},"end":{"line":119,"column":null}},"46":{"start":{"line":120,"column":8},"end":{"line":120,"column":null}},"47":{"start":{"line":122,"column":8},"end":{"line":124,"column":null}},"48":{"start":{"line":123,"column":10},"end":{"line":123,"column":null}},"49":{"start":{"line":126,"column":8},"end":{"line":126,"column":null}},"50":{"start":{"line":127,"column":8},"end":{"line":127,"column":null}},"51":{"start":{"line":129,"column":8},"end":{"line":129,"column":null}},"52":{"start":{"line":130,"column":8},"end":{"line":130,"column":null}},"53":{"start":{"line":131,"column":8},"end":{"line":131,"column":null}},"54":{"start":{"line":133,"column":8},"end":{"line":133,"column":null}},"55":{"start":{"line":134,"column":8},"end":{"line":134,"column":null}},"56":{"start":{"line":136,"column":8},"end":{"line":136,"column":null}},"57":{"start":{"line":140,"column":4},"end":{"line":146,"column":null}},"58":{"start":{"line":141,"column":6},"end":{"line":141,"column":null}},"59":{"start":{"line":142,"column":6},"end":{"line":142,"column":null}},"60":{"start":{"line":144,"column":6},"end":{"line":144,"column":null}},"61":{"start":{"line":145,"column":6},"end":{"line":145,"column":null}},"62":{"start":{"line":148,"column":4},"end":{"line":148,"column":null}}},"fnMap":{"0":{"name":"(anonymous_0)","decl":{"start":{"line":23,"column":6},"end":{"line":23,"column":22}},"loc":{"start":{"line":23,"column":88},"end":{"line":32,"column":null}},"line":23},"1":{"name":"(anonymous_1)","decl":{"start":{"line":24,"column":14},"end":{"line":24,"column":23}},"loc":{"start":{"line":24,"column":32},"end":{"line":30,"column":3}},"line":24},"2":{"name":"(anonymous_2)","decl":{"start":{"line":40,"column":6},"end":{"line":40,"column":29}},"loc":{"start":{"line":40,"column":67},"end":{"line":46,"column":null}},"line":40},"3":{"name":"(anonymous_3)","decl":{"start":{"line":48,"column":25},"end":{"line":48,"column":null}},"loc":{"start":{"line":49,"column":40},"end":{"line":65,"column":null}},"line":49},"4":{"name":"(anonymous_4)","decl":{"start":{"line":65,"column":2},"end":{"line":65,"column":null}},"loc":{"start":{"line":66,"column":13},"end":{"line":68,"column":null}},"line":66},"5":{"name":"(anonymous_5)","decl":{"start":{"line":71,"column":26},"end":{"line":71,"column":null}},"loc":{"start":{"line":72,"column":16},"end":{"line":74,"column":null}},"line":72},"6":{"name":"(anonymous_6)","decl":{"start":{"line":75,"column":2},"end":{"line":75,"column":9}},"loc":{"start":{"line":75,"column":31},"end":{"line":149,"column":null}},"line":75},"7":{"name":"(anonymous_7)","decl":{"start":{"line":80,"column":27},"end":{"line":80,"column":37}},"loc":{"start":{"line":80,"column":54},"end":{"line":82,"column":9}},"line":80},"8":{"name":"(anonymous_8)","decl":{"start":{"line":83,"column":11},"end":{"line":83,"column":17}},"loc":{"start":{"line":83,"column":27},"end":{"line":88,"column":11}},"line":83},"9":{"name":"(anonymous_9)","decl":{"start":{"line":89,"column":11},"end":{"line":89,"column":18}},"loc":{"start":{"line":89,"column":26},"end":{"line":91,"column":11}},"line":89}},"branchMap":{"0":{"loc":{"start":{"line":9,"column":11},"end":{"line":9,"column":null}},"type":"binary-expr","locations":[{"start":{"line":9,"column":11},"end":{"line":9,"column":43}},{"start":{"line":9,"column":43},"end":{"line":9,"column":null}}],"line":9},"1":{"loc":{"start":{"line":23,"column":56},"end":{"line":23,"column":88}},"type":"default-arg","locations":[{"start":{"line":23,"column":79},"end":{"line":23,"column":88}}],"line":23},"2":{"loc":{"start":{"line":25,"column":4},"end":{"line":29,"column":null}},"type":"if","locations":[{"start":{"line":25,"column":4},"end":{"line":29,"column":null}},{"start":{"line":27,"column":11},"end":{"line":29,"column":null}}],"line":25},"3":{"loc":{"start":{"line":41,"column":14},"end":{"line":41,"column":null}},"type":"binary-expr","locations":[{"start":{"line":41,"column":14},"end":{"line":41,"column":29}},{"start":{"line":41,"column":29},"end":{"line":41,"column":null}}],"line":41},"4":{"loc":{"start":{"line":42,"column":25},"end":{"line":42,"column":null}},"type":"binary-expr","locations":[{"start":{"line":42,"column":25},"end":{"line":42,"column":56}},{"start":{"line":42,"column":56},"end":{"line":42,"column":null}}],"line":42},"5":{"loc":{"start":{"line":43,"column":2},"end":{"line":45,"column":null}},"type":"if","locations":[{"start":{"line":43,"column":2},"end":{"line":45,"column":null}},{"start":{},"end":{}}],"line":43},"6":{"loc":{"start":{"line":52,"column":6},"end":{"line":54,"column":null}},"type":"binary-expr","locations":[{"start":{"line":52,"column":6},"end":{"line":52,"column":null}},{"start":{"line":53,"column":6},"end":{"line":53,"column":null}},{"start":{"line":54,"column":6},"end":{"line":54,"column":null}}],"line":52},"7":{"loc":{"start":{"line":56,"column":4},"end":{"line":58,"column":null}},"type":"if","locations":[{"start":{"line":56,"column":4},"end":{"line":58,"column":null}},{"start":{},"end":{}}],"line":56},"8":{"loc":{"start":{"line":56,"column":8},"end":{"line":56,"column":58}},"type":"binary-expr","locations":[{"start":{"line":56,"column":8},"end":{"line":56,"column":36}},{"start":{"line":56,"column":36},"end":{"line":56,"column":58}}],"line":56},"9":{"loc":{"start":{"line":61,"column":4},"end":{"line":63,"column":null}},"type":"if","locations":[{"start":{"line":61,"column":4},"end":{"line":63,"column":null}},{"start":{},"end":{}}],"line":61},"10":{"loc":{"start":{"line":61,"column":8},"end":{"line":61,"column":33}},"type":"binary-expr","locations":[{"start":{"line":61,"column":8},"end":{"line":61,"column":17}},{"start":{"line":61,"column":17},"end":{"line":61,"column":33}}],"line":61},"11":{"loc":{"start":{"line":78,"column":4},"end":{"line":138,"column":null}},"type":"if","locations":[{"start":{"line":78,"column":4},"end":{"line":138,"column":null}},{"start":{},"end":{}}],"line":78},"12":{"loc":{"start":{"line":78,"column":8},"end":{"line":78,"column":67}},"type":"binary-expr","locations":[{"start":{"line":78,"column":8},"end":{"line":78,"column":42}},{"start":{"line":78,"column":42},"end":{"line":78,"column":67}}],"line":78},"13":{"loc":{"start":{"line":79,"column":6},"end":{"line":92,"column":null}},"type":"if","locations":[{"start":{"line":79,"column":6},"end":{"line":92,"column":null}},{"start":{},"end":{}}],"line":79},"14":{"loc":{"start":{"line":84,"column":12},"end":{"line":86,"column":null}},"type":"if","locations":[{"start":{"line":84,"column":12},"end":{"line":86,"column":null}},{"start":{},"end":{}}],"line":84},"15":{"loc":{"start":{"line":99,"column":6},"end":{"line":106,"column":null}},"type":"if","locations":[{"start":{"line":99,"column":6},"end":{"line":106,"column":null}},{"start":{},"end":{}}],"line":99},"16":{"loc":{"start":{"line":122,"column":8},"end":{"line":124,"column":null}},"type":"if","locations":[{"start":{"line":122,"column":8},"end":{"line":124,"column":null}},{"start":{},"end":{}}],"line":122},"17":{"loc":{"start":{"line":140,"column":4},"end":{"line":146,"column":null}},"type":"if","locations":[{"start":{"line":140,"column":4},"end":{"line":146,"column":null}},{"start":{},"end":{}}],"line":140}},"s":{"0":6,"1":6,"2":6,"3":6,"4":4,"5":2,"6":1,"7":1,"8":4,"9":6,"10":5,"11":5,"12":5,"13":4,"14":6,"15":15,"16":15,"17":5,"18":10,"19":10,"20":5,"21":10,"22":1,"23":6,"24":5,"25":12,"26":12,"27":7,"28":2,"29":2,"30":1,"31":1,"32":1,"33":1,"34":5,"35":5,"36":5,"37":5,"38":1,"39":1,"40":1,"41":1,"42":1,"43":4,"44":4,"45":2,"46":2,"47":2,"48":2,"49":2,"50":2,"51":2,"52":2,"53":2,"54":2,"55":2,"56":4,"57":5,"58":2,"59":2,"60":2,"61":2,"62":3},"f":{"0":4,"1":2,"2":5,"3":15,"4":1,"5":5,"6":12,"7":2,"8":1,"9":1},"b":{"0":[6,0],"1":[4],"2":[1,1],"3":[5,0],"4":[5,4],"5":[4,1],"6":[15,14,14],"7":[5,10],"8":[15,11],"9":[5,5],"10":[10,5],"11":[7,5],"12":[12,7],"13":[2,5],"14":[1,0],"15":[1,4],"16":[2,0],"17":[2,3]},"meta":{"lastBranch":18,"lastFunction":10,"lastStatement":63,"seen":{"s:8:12:13:Infinity":0,"b:9:11:9:43:9:43:9:Infinity":0,"s:15:19:15:Infinity":1,"s:21:35:21:Infinity":2,"s:23:6:32:Infinity":3,"f:23:6:23:22":0,"b:23:79:23:88":1,"s:24:2:30:Infinity":4,"f:24:14:24:23":1,"b:25:4:29:Infinity:27:11:29:Infinity":2,"s:25:4:29:Infinity":5,"s:26:6:26:Infinity":6,"s:28:6:28:Infinity":7,"s:31:2:31:Infinity":8,"s:40:6:46:Infinity":9,"f:40:6:40:29":2,"s:41:14:41:Infinity":10,"b:41:14:41:29:41:29:41:Infinity":3,"s:42:25:42:Infinity":11,"b:42:25:42:56:42:56:42:Infinity":4,"b:43:2:45:Infinity:undefined:undefined:undefined:undefined":5,"s:43:2:45:Infinity":12,"s:44:4:44:Infinity":13,"s:48:0:69:Infinity":14,"f:48:25:48:Infinity":3,"s:52:6:54:Infinity":15,"b:52:6:52:Infinity:53:6:53:Infinity:54:6:54:Infinity":6,"b:56:4:58:Infinity:undefined:undefined:undefined:undefined":7,"s:56:4:58:Infinity":16,"b:56:8:56:36:56:36:56:58":8,"s:57:6:57:Infinity":17,"s:60:18:60:Infinity":18,"b:61:4:63:Infinity:undefined:undefined:undefined:undefined":9,"s:61:4:63:Infinity":19,"b:61:8:61:17:61:17:61:33":10,"s:62:6:62:Infinity":20,"s:64:4:64:Infinity":21,"f:65:2:65:Infinity":4,"s:67:4:67:Infinity":22,"s:71:0:150:Infinity":23,"f:71:26:71:Infinity":5,"s:73:4:73:Infinity":24,"f:75:2:75:9":6,"s:76:28:76:Infinity":25,"b:78:4:138:Infinity:undefined:undefined:undefined:undefined":11,"s:78:4:138:Infinity":26,"b:78:8:78:42:78:42:78:67":12,"b:79:6:92:Infinity:undefined:undefined:undefined:undefined":13,"s:79:6:92:Infinity":27,"s:80:8:91:Infinity":28,"f:80:27:80:37":7,"s:81:10:81:Infinity":29,"f:83:11:83:17":8,"b:84:12:86:Infinity:undefined:undefined:undefined:undefined":14,"s:84:12:86:Infinity":30,"s:85:14:85:Infinity":31,"s:87:12:87:Infinity":32,"f:89:11:89:18":9,"s:90:12:90:Infinity":33,"s:94:6:94:Infinity":34,"s:95:6:95:Infinity":35,"s:97:27:97:Infinity":36,"b:99:6:106:Infinity:undefined:undefined:undefined:undefined":15,"s:99:6:106:Infinity":37,"s:100:8:100:Infinity":38,"s:101:8:101:Infinity":39,"s:102:8:102:Infinity":40,"s:104:8:104:Infinity":41,"s:105:8:105:Infinity":42,"s:108:6:137:Infinity":43,"s:109:25:117:Infinity":44,"s:119:8:119:Infinity":45,"s:120:8:120:Infinity":46,"b:122:8:124:Infinity:undefined:undefined:undefined:undefined":16,"s:122:8:124:Infinity":47,"s:123:10:123:Infinity":48,"s:126:8:126:Infinity":49,"s:127:8:127:Infinity":50,"s:129:8:129:Infinity":51,"s:130:8:130:Infinity":52,"s:131:8:131:Infinity":53,"s:133:8:133:Infinity":54,"s:134:8:134:Infinity":55,"s:136:8:136:Infinity":56,"b:140:4:146:Infinity:undefined:undefined:undefined:undefined":17,"s:140:4:146:Infinity":57,"s:141:6:141:Infinity":58,"s:142:6:142:Infinity":59,"s:144:6:144:Infinity":60,"s:145:6:145:Infinity":61,"s:148:4:148:Infinity":62},"fnNames":{}}}
}
